\BOOKMARK [0][-]{chapter.1}{Introduction}{}% 1
\BOOKMARK [1][-]{section.1.1}{Qu'est-ce que l'\351pist\351mologie?}{chapter.1}% 2
\BOOKMARK [1][-]{section.1.2}{Qu'est-ce que la science?}{chapter.1}% 3
\BOOKMARK [1][-]{section.1.3}{Techniques et technologie}{chapter.1}% 4
\BOOKMARK [0][-]{chapter.2}{La d\351marche scientifique et ses grands concepts}{}% 5
\BOOKMARK [1][-]{section.2.1}{Concept Aristot\351licien}{chapter.2}% 6
\BOOKMARK [1][-]{section.2.2}{Aux fondements de la science moderne}{chapter.2}% 7
\BOOKMARK [1][-]{section.2.3}{R\351volution scientifique}{chapter.2}% 8
\BOOKMARK [0][-]{chapter.3}{De l'observation \340 la th\351orie}{}% 9
\BOOKMARK [1][-]{section.3.1}{Observation et Exp\351rimentation}{chapter.3}% 10
\BOOKMARK [1][-]{section.3.2}{Qu'est-ce qu'un \253 fait \273scientifique?}{chapter.3}% 11
\BOOKMARK [1][-]{section.3.3}{Lois et principes}{chapter.3}% 12
\BOOKMARK [1][-]{section.3.4}{Notion de mod\350le}{chapter.3}% 13
\BOOKMARK [1][-]{section.3.5}{Th\351ories scientifiques}{chapter.3}% 14
\BOOKMARK [0][-]{chapter.4}{La d\351marche scientifique et ses grands concepts}{}% 15
\BOOKMARK [1][-]{section.4.1}{L\220explication scientifique}{chapter.4}% 16
\BOOKMARK [2][-]{subsection.4.1.1}{L\220explication nomologico-d\351ductive \(ND\)}{section.4.1}% 17
\BOOKMARK [2][-]{subsection.4.1.2}{L\220explication causale-m\351caniste}{section.4.1}% 18
\BOOKMARK [1][-]{section.4.2}{Valeur des th\351ories scientifiques}{chapter.4}% 19
\BOOKMARK [2][-]{subsection.4.2.1}{La v\351rit\351}{section.4.2}% 20
\BOOKMARK [1][-]{section.4.3}{Lien th\351orie-objet}{chapter.4}% 21
\BOOKMARK [2][-]{subsection.4.3.1}{Le statut des entit\351s inobservables?}{section.4.3}% 22
\BOOKMARK [2][-]{subsection.4.3.2}{Conflit R\351alisme/Instrumentalisme}{section.4.3}% 23
